<?xml version="1.0" encoding="UTF-8"?>
<!-- Generated by org.testng.reporters.JUnitReportReporter -->
<testsuite hostname="Lalasa" failures="0" tests="2" name="TestNG_Annotations.TC2" time="0.008" errors="0" timestamp="2024-09-03T21:10:25 IST" skipped="0">
  <testcase classname="TestNG_Annotations.TC2" name="test3" time="0.004"/>
  <testcase classname="TestNG_Annotations.TC2" name="test4" time="0.004"/>
</testsuite> <!-- TestNG_Annotations.TC2 -->
