<?xml version="1.0" encoding="UTF-8"?>
<!-- Generated by org.testng.reporters.JUnitReportReporter -->
<testsuite hostname="Lalasa" failures="0" tests="1" name="Assignment.Lab003" time="5.862" errors="0" timestamp="2024-12-22T21:10:25 IST" skipped="0">
  <testcase classname="Assignment.Lab003" name="test_pagination" time="5.862"/>
</testsuite> <!-- Assignment.Lab003 -->
