<?xml version="1.0" encoding="UTF-8"?>
<!-- Generated by org.testng.reporters.JUnitReportReporter -->
<testsuite hostname="Lalasa" failures="0" tests="3" name="Selenium30Mar.Lab009" time="63.211" errors="0" timestamp="2024-08-30T21:46:30 IST" skipped="0">
  <testcase classname="Selenium30Mar.Lab009" name="openBrowser" time="3.477"/>
  <testcase classname="Selenium30Mar.Lab009" name="positiveTest" time="58.377"/>
  <testcase classname="Selenium30Mar.Lab009" name="closeBrowser" time="1.357"/>
</testsuite> <!-- Selenium30Mar.Lab009 -->
