<?xml version="1.0" encoding="UTF-8"?>
<!-- Generated by org.testng.reporters.JUnitReportReporter -->
<testsuite hostname="Lalasa" failures="0" tests="2" name="Assignment.Lab002" time="5.521" errors="0" timestamp="2024-12-21T15:27:58 IST" skipped="0">
  <testcase classname="Assignment.Lab002" name="testPositive" time="4.460"/>
  <testcase classname="Assignment.Lab002" name="testNegative" time="1.061"/>
</testsuite> <!-- Assignment.Lab002 -->
