<?xml version="1.0" encoding="UTF-8"?>
<!-- Generated by org.testng.reporters.JUnitReportReporter -->
<testsuite hostname="Lalasa" failures="0" tests="1" name="Assignment.Lab001" time="5.670" errors="0" timestamp="2024-12-22T21:13:18 IST" skipped="0">
  <testcase classname="Assignment.Lab001" name="test" time="5.670"/>
</testsuite> <!-- Assignment.Lab001 -->
